#-----------------------------------------------------------
# Vivado v2023.1 (64-bit)
# SW Build 3865809 on Sun May  7 15:05:29 MDT 2023
# IP Build 3864474 on Sun May  7 20:36:21 MDT 2023
# SharedData Build 3865790 on Sun May 07 13:33:03 MDT 2023
# Start of session at: Thu Dec 26 10:07:59 2024
# Process ID: 14768
# Current directory: C:/Users/Lenovo/Desktop/colab/CO-lab-material-CQU/vivado/lab4/project_1
# Command line: vivado.exe -gui_launcher_event rodinguilauncherevent7440 C:\Users\Lenovo\Desktop\colab\CO-lab-material-CQU\vivado\lab4\project_1\project_1.xpr
# Log file: C:/Users/Lenovo/Desktop/colab/CO-lab-material-CQU/vivado/lab4/project_1/vivado.log
# Journal file: C:/Users/Lenovo/Desktop/colab/CO-lab-material-CQU/vivado/lab4/project_1\vivado.jou
# Running On: DESKTOP-87K58HJ, OS: Windows, CPU Frequency: 2918 MHz, CPU Physical cores: 4, Host memory: 16952 MB
#-----------------------------------------------------------
start_gui
open_project C:/Users/Lenovo/Desktop/colab/CO-lab-material-CQU/vivado/lab4/project_1/project_1.xpr
WARNING: [Board 49-26] cannot add Board Part digilentinc.com:genesys2:part0:1.1 available at G:/vivado/Vivado/2023.1/data/boards/board_files/genesys2/H/board.xml as part xc7k325tffg900-2 specified in board_part file is either invalid or not available
WARNING: [Board 49-26] cannot add Board Part digilentinc.com:sword:part0:1.0 available at G:/vivado/Vivado/2023.1/data/boards/board_files/sword/C.0/board.xml as part xc7k325tffg900-2 specified in board_part file is either invalid or not available
WARNING: [Board 49-26] cannot add Board Part xilinx.com:kc705:part0:1.6 available at G:/vivado/Vivado/2023.1/data/xhub/boards/XilinxBoardStore/boards/Xilinx/kc705/1.6/board.xml as part xc7k325tffg900-2 specified in board_part file is either invalid or not available
WARNING: [Board 49-26] cannot add Board Part xilinx.com:kcu105:part0:1.6 available at G:/vivado/Vivado/2023.1/data/xhub/boards/XilinxBoardStore/boards/Xilinx/kcu105/1.6/board.xml as part xcku040-ffva1156-2-e specified in board_part file is either invalid or not available
WARNING: [Board 49-26] cannot add Board Part xilinx.com:kcu105:part0:1.7 available at G:/vivado/Vivado/2023.1/data/xhub/boards/XilinxBoardStore/boards/Xilinx/kcu105/1.7/board.xml as part xcku040-ffva1156-2-e specified in board_part file is either invalid or not available
WARNING: [Board 49-26] cannot add Board Part xilinx.com:kcu1500:part0:1.2 available at G:/vivado/Vivado/2023.1/data/xhub/boards/XilinxBoardStore/boards/Xilinx/kcu1500/1.2/board.xml as part xcku115-flvb2104-2-e specified in board_part file is either invalid or not available
WARNING: [Board 49-26] cannot add Board Part xilinx.com:vc707:part0:1.4 available at G:/vivado/Vivado/2023.1/data/xhub/boards/XilinxBoardStore/boards/Xilinx/vc707/1.4/board.xml as part xc7vx485tffg1761-2 specified in board_part file is either invalid or not available
WARNING: [Board 49-26] cannot add Board Part xilinx.com:vc709:part0:1.8 available at G:/vivado/Vivado/2023.1/data/xhub/boards/XilinxBoardStore/boards/Xilinx/vc709/1.8/board.xml as part xc7vx690tffg1761-2 specified in board_part file is either invalid or not available
WARNING: [Board 49-26] cannot add Board Part xilinx.com:vck190:part0:2.2 available at G:/vivado/Vivado/2023.1/data/xhub/boards/XilinxBoardStore/boards/Xilinx/vck190/production/2.2/board.xml as part xcvc1902-vsva2197-2mp-e-s specified in board_part file is either invalid or not available
WARNING: [Board 49-26] cannot add Board Part xilinx.com:vck190:part0:3.0 available at G:/vivado/Vivado/2023.1/data/xhub/boards/XilinxBoardStore/boards/Xilinx/vck190/production/3.0/board.xml as part xcvc1902-vsva2197-2mp-e-s specified in board_part file is either invalid or not available
WARNING: [Board 49-26] cannot add Board Part xilinx.com:vck190:part0:3.1 available at G:/vivado/Vivado/2023.1/data/xhub/boards/XilinxBoardStore/boards/Xilinx/vck190/production/3.1/board.xml as part xcvc1902-vsva2197-2mp-e-s specified in board_part file is either invalid or not available
WARNING: [Board 49-26] cannot add Board Part xilinx.com:vck190:part0:3.2 available at G:/vivado/Vivado/2023.1/data/xhub/boards/XilinxBoardStore/boards/Xilinx/vck190/production/3.2/board.xml as part xcvc1902-vsva2197-2mp-e-s specified in board_part file is either invalid or not available
WARNING: [Board 49-26] cannot add Board Part xilinx.com:vck190_newl:part0:1.0 available at G:/vivado/Vivado/2023.1/data/xhub/boards/XilinxBoardStore/boards/Xilinx/vck190_newl/production/1.0/board.xml as part xcvc1902-vsva2197-2mp-e-s specified in board_part file is either invalid or not available
WARNING: [Board 49-26] cannot add Board Part xilinx.com:vck190_newl:part0:1.1 available at G:/vivado/Vivado/2023.1/data/xhub/boards/XilinxBoardStore/boards/Xilinx/vck190_newl/production/1.1/board.xml as part xcvc1902-vsva2197-2mp-e-s specified in board_part file is either invalid or not available
WARNING: [Board 49-26] cannot add Board Part xilinx.com:vcu108:part0:1.6 available at G:/vivado/Vivado/2023.1/data/xhub/boards/XilinxBoardStore/boards/Xilinx/vcu108/1.6/board.xml as part xcvu095-ffva2104-2-e specified in board_part file is either invalid or not available
WARNING: [Board 49-26] cannot add Board Part xilinx.com:vcu108:part0:1.7 available at G:/vivado/Vivado/2023.1/data/xhub/boards/XilinxBoardStore/boards/Xilinx/vcu108/1.7/board.xml as part xcvu095-ffva2104-2-e specified in board_part file is either invalid or not available
WARNING: [Board 49-26] cannot add Board Part xilinx.com:vcu110:part0:1.4 available at G:/vivado/Vivado/2023.1/data/xhub/boards/XilinxBoardStore/boards/Xilinx/vcu110/1.4/board.xml as part xcvu190-flgc2104-2-e specified in board_part file is either invalid or not available
WARNING: [Board 49-26] cannot add Board Part xilinx.com:vcu118:part0:2.0 available at G:/vivado/Vivado/2023.1/data/xhub/boards/XilinxBoardStore/boards/Xilinx/vcu118/2.0/board.xml as part xcvu9p-flga2104-2l-e specified in board_part file is either invalid or not available
WARNING: [Board 49-26] cannot add Board Part xilinx.com:vcu118:part0:2.3 available at G:/vivado/Vivado/2023.1/data/xhub/boards/XilinxBoardStore/boards/Xilinx/vcu118/2.3/board.xml as part xcvu9p-flga2104-2l-e specified in board_part file is either invalid or not available
WARNING: [Board 49-26] cannot add Board Part xilinx.com:vcu118:part0:2.4 available at G:/vivado/Vivado/2023.1/data/xhub/boards/XilinxBoardStore/boards/Xilinx/vcu118/2.4/board.xml as part xcvu9p-flga2104-2l-e specified in board_part file is either invalid or not available
WARNING: [Board 49-26] cannot add Board Part xilinx.com:vcu129:part0:1.0 available at G:/vivado/Vivado/2023.1/data/xhub/boards/XilinxBoardStore/boards/Xilinx/vcu129/production/1.0/board.xml as part xcvu29p-fsga2577-2l-e specified in board_part file is either invalid or not available
WARNING: [Board 49-26] cannot add Board Part xilinx.com:vcu1525:part0:1.3 available at G:/vivado/Vivado/2023.1/data/xhub/boards/XilinxBoardStore/boards/Xilinx/vcu1525/1.3/board.xml as part xcvu9p-fsgd2104-2l-e specified in board_part file is either invalid or not available
WARNING: [Board 49-26] cannot add Board Part xilinx.com:vek280_es:part0:1.0 available at G:/vivado/Vivado/2023.1/data/xhub/boards/XilinxBoardStore/boards/Xilinx/vek280/es/rev_a/1.0/board.xml as part xcve2802-vsvh1760-2lp-e-s-es1 specified in board_part file is either invalid or not available
WARNING: [Board 49-26] cannot add Board Part xilinx.com:vek280_es:part0:1.1 available at G:/vivado/Vivado/2023.1/data/xhub/boards/XilinxBoardStore/boards/Xilinx/vek280/es/rev_a/1.1/board.xml as part xcve2802-vsvh1760-2lp-e-s-es1 specified in board_part file is either invalid or not available
WARNING: [Board 49-26] cannot add Board Part xilinx.com:vek280_es_revb:part0:1.0 available at G:/vivado/Vivado/2023.1/data/xhub/boards/XilinxBoardStore/boards/Xilinx/vek280/es/rev_b/1.0/board.xml as part xcve2802-vsvh1760-2mp-e-s-es1 specified in board_part file is either invalid or not available
WARNING: [Board 49-26] cannot add Board Part xilinx.com:vek280_es_revb:part0:1.1 available at G:/vivado/Vivado/2023.1/data/xhub/boards/XilinxBoardStore/boards/Xilinx/vek280/es/rev_b/1.1/board.xml as part xcve2802-vsvh1760-2mp-e-s-es1 specified in board_part file is either invalid or not available
WARNING: [Board 49-26] cannot add Board Part xilinx.com:vermeo_t1_mpsoc:part0:1.0 available at G:/vivado/Vivado/2023.1/data/xhub/boards/XilinxBoardStore/boards/Xilinx/vermeo_t1_mpsoc/1.0/board.xml as part xczu19eg-ffvd1760-2l-e specified in board_part file is either invalid or not available
WARNING: [Board 49-26] cannot add Board Part xilinx.com:vermeo_t1_rfsoc:part0:1.0 available at G:/vivado/Vivado/2023.1/data/xhub/boards/XilinxBoardStore/boards/Xilinx/vermeo_t1_rfsoc/1.0/board.xml as part xczu21dr-ffvd1156-2l-e specified in board_part file is either invalid or not available
WARNING: [Board 49-26] cannot add Board Part xilinx.com:vhk158:part0:1.0 available at G:/vivado/Vivado/2023.1/data/xhub/boards/XilinxBoardStore/boards/Xilinx/vhk158/production/1.0/board.xml as part xcvh1582-vsva3697-2mp-e-s specified in board_part file is either invalid or not available
WARNING: [Board 49-26] cannot add Board Part xilinx.com:vhk158_es:part0:1.0 available at G:/vivado/Vivado/2023.1/data/xhub/boards/XilinxBoardStore/boards/Xilinx/vhk158/es/1.0/board.xml as part xcvh1582-vsva3697-2mp-e-s-es1 specified in board_part file is either invalid or not available
WARNING: [Board 49-26] cannot add Board Part xilinx.com:vhk158_es:part0:1.1 available at G:/vivado/Vivado/2023.1/data/xhub/boards/XilinxBoardStore/boards/Xilinx/vhk158/es/1.1/board.xml as part xcvh1582-vsva3697-2mp-e-s-es1 specified in board_part file is either invalid or not available
WARNING: [Board 49-26] cannot add Board Part xilinx.com:vmk180:part0:2.2 available at G:/vivado/Vivado/2023.1/data/xhub/boards/XilinxBoardStore/boards/Xilinx/vmk180/production/2.2/board.xml as part xcvm1802-vsva2197-2mp-e-s specified in board_part file is either invalid or not available
WARNING: [Board 49-26] cannot add Board Part xilinx.com:vmk180:part0:3.0 available at G:/vivado/Vivado/2023.1/data/xhub/boards/XilinxBoardStore/boards/Xilinx/vmk180/production/3.0/board.xml as part xcvm1802-vsva2197-2mp-e-s specified in board_part file is either invalid or not available
WARNING: [Board 49-26] cannot add Board Part xilinx.com:vmk180:part0:3.1 available at G:/vivado/Vivado/2023.1/data/xhub/boards/XilinxBoardStore/boards/Xilinx/vmk180/production/3.1/board.xml as part xcvm1802-vsva2197-2mp-e-s specified in board_part file is either invalid or not available
WARNING: [Board 49-26] cannot add Board Part xilinx.com:vmk180:part0:3.2 available at G:/vivado/Vivado/2023.1/data/xhub/boards/XilinxBoardStore/boards/Xilinx/vmk180/production/3.2/board.xml as part xcvm1802-vsva2197-2mp-e-s specified in board_part file is either invalid or not available
WARNING: [Board 49-26] cannot add Board Part xilinx.com:vmk180_newl:part0:1.0 available at G:/vivado/Vivado/2023.1/data/xhub/boards/XilinxBoardStore/boards/Xilinx/vmk180_newl/production/1.0/board.xml as part xcvm1802-vsva2197-2mp-e-s specified in board_part file is either invalid or not available
WARNING: [Board 49-26] cannot add Board Part xilinx.com:vmk180_newl:part0:1.1 available at G:/vivado/Vivado/2023.1/data/xhub/boards/XilinxBoardStore/boards/Xilinx/vmk180_newl/production/1.1/board.xml as part xcvm1802-vsva2197-2mp-e-s specified in board_part file is either invalid or not available
WARNING: [Board 49-26] cannot add Board Part xilinx.com:vpk120:part0:1.0 available at G:/vivado/Vivado/2023.1/data/xhub/boards/XilinxBoardStore/boards/Xilinx/vpk120/production/1.0/board.xml as part xcvp1202-vsva2785-2mp-e-s specified in board_part file is either invalid or not available
WARNING: [Board 49-26] cannot add Board Part xilinx.com:vpk120:part0:1.1 available at G:/vivado/Vivado/2023.1/data/xhub/boards/XilinxBoardStore/boards/Xilinx/vpk120/production/1.1/board.xml as part xcvp1202-vsva2785-2mp-e-s specified in board_part file is either invalid or not available
WARNING: [Board 49-26] cannot add Board Part xilinx.com:vpk120_es:part0:1.2 available at G:/vivado/Vivado/2023.1/data/xhub/boards/XilinxBoardStore/boards/Xilinx/vpk120/es/1.2/board.xml as part xcvp1202-vsva2785-2mp-e-s-es1 specified in board_part file is either invalid or not available
WARNING: [Board 49-26] cannot add Board Part xilinx.com:vpk120_es:part0:1.3 available at G:/vivado/Vivado/2023.1/data/xhub/boards/XilinxBoardStore/boards/Xilinx/vpk120/es/1.3/board.xml as part xcvp1202-vsva2785-2mp-e-s-es1 specified in board_part file is either invalid or not available
WARNING: [Board 49-26] cannot add Board Part xilinx.com:vpk120_es_revb:part0:1.0 available at G:/vivado/Vivado/2023.1/data/xhub/boards/XilinxBoardStore/boards/Xilinx/vpk120_revb/es/1.0/board.xml as part xcvp1202-vsva2785-2mp-e-s-es1 specified in board_part file is either invalid or not available
WARNING: [Board 49-26] cannot add Board Part xilinx.com:vpk120_es_revb:part0:1.1 available at G:/vivado/Vivado/2023.1/data/xhub/boards/XilinxBoardStore/boards/Xilinx/vpk120_revb/es/1.1/board.xml as part xcvp1202-vsva2785-2mp-e-s-es1 specified in board_part file is either invalid or not available
WARNING: [Board 49-26] cannot add Board Part xilinx.com:vpk180:part0:1.0 available at G:/vivado/Vivado/2023.1/data/xhub/boards/XilinxBoardStore/boards/Xilinx/vpk180/production/1.0/board.xml as part xcvp1802-lsvc4072-2mp-e-s specified in board_part file is either invalid or not available
WARNING: [Board 49-26] cannot add Board Part xilinx.com:vpk180:part0:1.1 available at G:/vivado/Vivado/2023.1/data/xhub/boards/XilinxBoardStore/boards/Xilinx/vpk180/production/1.1/board.xml as part xcvp1802-lsvc4072-2mp-e-s specified in board_part file is either invalid or not available
WARNING: [Board 49-26] cannot add Board Part xilinx.com:vpk180_es:part0:1.0 available at G:/vivado/Vivado/2023.1/data/xhub/boards/XilinxBoardStore/boards/Xilinx/vpk180/es/1.0/board.xml as part xcvp1802-lsvc4072-2mp-e-s-es1 specified in board_part file is either invalid or not available
WARNING: [Board 49-26] cannot add Board Part xilinx.com:vpk180_es:part0:1.1 available at G:/vivado/Vivado/2023.1/data/xhub/boards/XilinxBoardStore/boards/Xilinx/vpk180/es/1.1/board.xml as part xcvp1802-lsvc4072-2mp-e-s-es1 specified in board_part file is either invalid or not available
WARNING: [Board 49-26] cannot add Board Part xilinx.com:zc706:part0:1.4 available at G:/vivado/Vivado/2023.1/data/xhub/boards/XilinxBoardStore/boards/Xilinx/zc706/1.4/board.xml as part xc7z045ffg900-2 specified in board_part file is either invalid or not available
WARNING: [Board 49-26] cannot add Board Part xilinx.com:zcu102:part0:3.3 available at G:/vivado/Vivado/2023.1/data/xhub/boards/XilinxBoardStore/boards/Xilinx/zcu102/3.3/board.xml as part xczu9eg-ffvb1156-2-e specified in board_part file is either invalid or not available
WARNING: [Board 49-26] cannot add Board Part xilinx.com:zcu102:part0:3.4 available at G:/vivado/Vivado/2023.1/data/xhub/boards/XilinxBoardStore/boards/Xilinx/zcu102/3.4/board.xml as part xczu9eg-ffvb1156-2-e specified in board_part file is either invalid or not available
WARNING: [Board 49-26] cannot add Board Part xilinx.com:zcu111:part0:1.2 available at G:/vivado/Vivado/2023.1/data/xhub/boards/XilinxBoardStore/boards/Xilinx/zcu111/1.2/board.xml as part xczu28dr-ffvg1517-2-e specified in board_part file is either invalid or not available
WARNING: [Board 49-26] cannot add Board Part xilinx.com:zcu111:part0:1.3 available at G:/vivado/Vivado/2023.1/data/xhub/boards/XilinxBoardStore/boards/Xilinx/zcu111/1.3/board.xml as part xczu28dr-ffvg1517-2-e specified in board_part file is either invalid or not available
WARNING: [Board 49-26] cannot add Board Part xilinx.com:zcu111:part0:1.4 available at G:/vivado/Vivado/2023.1/data/xhub/boards/XilinxBoardStore/boards/Xilinx/zcu111/1.4/board.xml as part xczu28dr-ffvg1517-2-e specified in board_part file is either invalid or not available
WARNING: [Board 49-26] cannot add Board Part xilinx.com:zcu1275:part0:1.0 available at G:/vivado/Vivado/2023.1/data/xhub/boards/XilinxBoardStore/boards/Xilinx/zcu1275/1.0/board.xml as part xczu29dr-ffvf1760-2-e specified in board_part file is either invalid or not available
WARNING: [Board 49-26] cannot add Board Part xilinx.com:zcu1285:part0:1.0 available at G:/vivado/Vivado/2023.1/data/xhub/boards/XilinxBoardStore/boards/Xilinx/zcu1285/1.0/board.xml as part xczu39dr-ffvf1760-2-i specified in board_part file is either invalid or not available
WARNING: [Board 49-26] cannot add Board Part xilinx.com:zcu208:part0:2.0 available at G:/vivado/Vivado/2023.1/data/xhub/boards/XilinxBoardStore/boards/Xilinx/zcu208/production/2.0/board.xml as part xczu48dr-fsvg1517-2-e specified in board_part file is either invalid or not available
WARNING: [Board 49-26] cannot add Board Part xilinx.com:zcu208ld:part0:2.0 available at G:/vivado/Vivado/2023.1/data/xhub/boards/XilinxBoardStore/boards/Xilinx/zcu208ld/production/2.0/board.xml as part xczu58dr-fsvg1517-2-i specified in board_part file is either invalid or not available
WARNING: [Board 49-26] cannot add Board Part xilinx.com:zcu216:part0:2.0 available at G:/vivado/Vivado/2023.1/data/xhub/boards/XilinxBoardStore/boards/Xilinx/zcu216/production/2.0/board.xml as part xczu49dr-ffvf1760-2-e specified in board_part file is either invalid or not available
WARNING: [Board 49-26] cannot add Board Part xilinx.com:zcu216ld:part0:2.0 available at G:/vivado/Vivado/2023.1/data/xhub/boards/XilinxBoardStore/boards/Xilinx/zcu216ld/production/2.0/board.xml as part xczu59dr-ffvf1760-2-i specified in board_part file is either invalid or not available
WARNING: [Board 49-26] cannot add Board Part xilinx.com:zcu670:part0:2.0 available at G:/vivado/Vivado/2023.1/data/xhub/boards/XilinxBoardStore/boards/Xilinx/zcu670/2.0/board.xml as part xczu67dr-fsve1156-2-i specified in board_part file is either invalid or not available
WARNING: [Board 49-26] cannot add Board Part xilinx.com:zcu670ld:part0:1.0 available at G:/vivado/Vivado/2023.1/data/xhub/boards/XilinxBoardStore/boards/Xilinx/zcu670ld/1.0/board.xml as part xczu57dr-fsve1156-2-i specified in board_part file is either invalid or not available
INFO: [Project 1-313] Project file moved from 'D:/GithubRepo/CO-lab-material-CQU/test/lab4/project_1' since last save.
WARNING: [filemgmt 56-3] IPUserFilesDir: Could not find the directory 'C:/Users/Lenovo/Desktop/colab/CO-lab-material-CQU/vivado/lab4/project_1/project_1.ip_user_files'.
Scanning sources...
Finished scanning sources
WARNING: [Project 1-509] GeneratedRun file for 'inst_ram_synth_1' not found
WARNING: [Project 1-509] GeneratedRun file for 'data_ram_synth_1' not found
INFO: [IP_Flow 19-234] Refreshing IP repositories
INFO: [IP_Flow 19-1704] No user IP repositories specified
INFO: [IP_Flow 19-2313] Loaded Vivado IP repository 'G:/vivado/Vivado/2023.1/data/ip'.
open_project: Time (s): cpu = 00:00:12 ; elapsed = 00:00:14 . Memory (MB): peak = 1545.246 ; gain = 375.594
report_ip_status -name ip_status 
update_compile_order -fileset sources_1
WARNING: [IP_Flow 19-4067] Ignoring invalid widget type specified checkbox.Providing a default widget
WARNING: [IP_Flow 19-4067] Ignoring invalid widget type specified checkbox.Providing a default widget
WARNING: [IP_Flow 19-4067] Ignoring invalid widget type specified checkbox.Providing a default widget
WARNING: [IP_Flow 19-4067] Ignoring invalid widget type specified checkbox.Providing a default widget
WARNING: [IP_Flow 19-4067] Ignoring invalid widget type specified checkbox.Providing a default widget
WARNING: [IP_Flow 19-4067] Ignoring invalid widget type specified checkbox.Providing a default widget
export_ip_user_files -of_objects  [get_files C:/Users/Lenovo/Desktop/colab/CO-lab-material-CQU/vivado/lab4/funcTest_independent/ArithmeticTest/obj/inst_ram.coe] -no_script -reset -force -quiet
remove_files  C:/Users/Lenovo/Desktop/colab/CO-lab-material-CQU/vivado/lab4/funcTest_independent/ArithmeticTest/obj/inst_ram.coe
launch_simulation
Command: launch_simulation 
INFO: [Vivado 12-12493] Simulation top is 'tb_top'
WARNING: [Vivado 12-13340] Unable to auto find GCC executables from simulator install path! (path not set)
INFO: [Vivado 12-5698] Checking validity of IPs in the design for the 'XSim' simulator...
INFO: [Vivado 12-5682] Launching behavioral simulation in 'C:/Users/Lenovo/Desktop/colab/CO-lab-material-CQU/vivado/lab4/project_1/project_1.sim/sim_1/behav/xsim'
INFO: [Vivado 12-4795] Using compiled simulation libraries for IPs
INFO: [SIM-utils-51] Simulation object is 'sim_1'
INFO: [SIM-utils-72] Using boost library from 'G:/vivado/Vivado/2023.1/tps/boost_1_72_0'
INFO: [USF-XSim-7] Finding pre-compiled libraries...
INFO: [USF-XSim-11] File 'G:/vivado/Vivado/2023.1/data/xsim/xsim.ini' copied to run dir:'C:/Users/Lenovo/Desktop/colab/CO-lab-material-CQU/vivado/lab4/project_1/project_1.sim/sim_1/behav/xsim'
INFO: [SIM-utils-54] Inspecting design source files for 'tb_top' in fileset 'sim_1'...
INFO: [SIM-utils-43] Exported 'C:/Users/Lenovo/Desktop/colab/CO-lab-material-CQU/vivado/lab4/project_1/project_1.sim/sim_1/behav/xsim/data_ram.mif'
INFO: [SIM-utils-43] Exported 'C:/Users/Lenovo/Desktop/colab/CO-lab-material-CQU/vivado/lab4/project_1/project_1.sim/sim_1/behav/xsim/data_ram.coe'
INFO: [SIM-utils-43] Exported 'C:/Users/Lenovo/Desktop/colab/CO-lab-material-CQU/vivado/lab4/project_1/project_1.sim/sim_1/behav/xsim/inst_ram.mif'
INFO: [SIM-utils-43] Exported 'C:/Users/Lenovo/Desktop/colab/CO-lab-material-CQU/vivado/lab4/project_1/project_1.sim/sim_1/behav/xsim/inst_ram.coe'
INFO: [USF-XSim-97] Finding global include files...
INFO: [USF-XSim-98] Fetching design files from 'sim_1'...
INFO: [USF-XSim-2] XSim::Compile design
INFO: [USF-XSim-61] Executing 'COMPILE and ANALYZE' step in 'C:/Users/Lenovo/Desktop/colab/CO-lab-material-CQU/vivado/lab4/project_1/project_1.sim/sim_1/behav/xsim'
"xvlog --incr --relax -prj tb_top_vlog.prj"
ECHO 处于关闭状态。
ECHO 处于关闭状态。
INFO: [VRFC 10-2263] Analyzing Verilog file "C:/Users/Lenovo/Desktop/colab/CO-lab-material-CQU/vivado/lab4/rtl/xilinx_ip/data_ram/sim/data_ram.v" into library xil_defaultlib
INFO: [VRFC 10-311] analyzing module data_ram
INFO: [VRFC 10-2263] Analyzing Verilog file "C:/Users/Lenovo/Desktop/colab/CO-lab-material-CQU/vivado/lab4/rtl/xilinx_ip/inst_ram/sim/inst_ram.v" into library xil_defaultlib
INFO: [VRFC 10-311] analyzing module inst_ram
INFO: [VRFC 10-2263] Analyzing Verilog file "C:/Users/Lenovo/Desktop/colab/CO-lab-material-CQU/vivado/lab4/rtl/myCPU/utils/instdec.v" into library xil_defaultlib
INFO: [VRFC 10-311] analyzing module instdec
INFO: [VRFC 10-2263] Analyzing Verilog file "C:/Users/Lenovo/Desktop/colab/CO-lab-material-CQU/vivado/lab4/rtl/myCPU/mycpu_top.v" into library xil_defaultlib
INFO: [VRFC 10-311] analyzing module mycpu_top
INFO: [VRFC 10-2263] Analyzing Verilog file "C:/Users/Lenovo/Desktop/colab/CO-lab-material-CQU/vivado/lab4/rtl/top.v" into library xil_defaultlib
INFO: [VRFC 10-311] analyzing module top
INFO: [VRFC 10-2263] Analyzing Verilog file "C:/Users/Lenovo/Desktop/colab/CO-lab-material-CQU/vivado/lab4/sim/mycpu_tb.v" into library xil_defaultlib
INFO: [VRFC 10-311] analyzing module tb_top
INFO: [VRFC 10-2263] Analyzing Verilog file "C:/Users/Lenovo/Desktop/colab/CO-lab-material-CQU/vivado/lab4/project_1/project_1.sim/sim_1/behav/xsim/glbl.v" into library xil_defaultlib
INFO: [VRFC 10-311] analyzing module glbl
INFO: [USF-XSim-69] 'compile' step finished in '3' seconds
INFO: [USF-XSim-3] XSim::Elaborate design
INFO: [USF-XSim-61] Executing 'ELABORATE' step in 'C:/Users/Lenovo/Desktop/colab/CO-lab-material-CQU/vivado/lab4/project_1/project_1.sim/sim_1/behav/xsim'
"xelab --incr --debug typical --relax --mt 2 -L xil_defaultlib -L blk_mem_gen_v8_4_6 -L unisims_ver -L unimacro_ver -L secureip -L xpm --snapshot tb_top_behav xil_defaultlib.tb_top xil_defaultlib.glbl -log elaborate.log"
ECHO 处于关闭状态。
ECHO 处于关闭状态。
Vivado Simulator v2023.1
Copyright 1986-2022 Xilinx, Inc. All Rights Reserved.
Copyright 2022-2023 Advanced Micro Devices, Inc. All Rights Reserved.
Running: G:/vivado/Vivado/2023.1/bin/unwrapped/win64.o/xelab.exe --incr --debug typical --relax --mt 2 -L xil_defaultlib -L blk_mem_gen_v8_4_6 -L unisims_ver -L unimacro_ver -L secureip -L xpm --snapshot tb_top_behav xil_defaultlib.tb_top xil_defaultlib.glbl -log elaborate.log 
Using 2 slave threads.
Starting static elaboration
Pass Through NonSizing Optimizer
ERROR: [VRFC 10-2063] Module <mips> not found while processing module instance <mips> [C:/Users/Lenovo/Desktop/colab/CO-lab-material-CQU/vivado/lab4/rtl/myCPU/mycpu_top.v:24]
ERROR: [XSIM 43-3322] Static elaboration of top level Verilog design unit(s) in library work failed.
INFO: [USF-XSim-69] 'elaborate' step finished in '3' seconds
INFO: [USF-XSim-99] Step results log file:'C:/Users/Lenovo/Desktop/colab/CO-lab-material-CQU/vivado/lab4/project_1/project_1.sim/sim_1/behav/xsim/elaborate.log'
ERROR: [USF-XSim-62] 'elaborate' step failed with error(s). Please check the Tcl console output or 'C:/Users/Lenovo/Desktop/colab/CO-lab-material-CQU/vivado/lab4/project_1/project_1.sim/sim_1/behav/xsim/elaborate.log' file for more information.
ERROR: [Vivado 12-4473] Detected error while running simulation. Please correct the issue and retry this operation.
launch_simulation: Time (s): cpu = 00:00:00 ; elapsed = 00:00:07 . Memory (MB): peak = 1591.102 ; gain = 0.000
ERROR: [Common 17-39] 'launch_simulation' failed due to earlier errors.
add_files {C:/Users/Lenovo/Desktop/colab/sram/utils/sl2.v C:/Users/Lenovo/Desktop/colab/sram/alu.v C:/Users/Lenovo/Desktop/colab/sram/mmu.v C:/Users/Lenovo/Desktop/colab/sram/utils/flopenr.v C:/Users/Lenovo/Desktop/colab/sram/utils/eqcmp.v C:/Users/Lenovo/Desktop/colab/sram/mem_ctrl.v C:/Users/Lenovo/Desktop/colab/sram/utils/floprc.v C:/Users/Lenovo/Desktop/colab/sram/utils/adder.v C:/Users/Lenovo/Desktop/colab/sram/hazard.v C:/Users/Lenovo/Desktop/colab/sram/utils/div.v C:/Users/Lenovo/Desktop/colab/sram/mycpu_top.v C:/Users/Lenovo/Desktop/colab/sram/utils/flopenrc.v C:/Users/Lenovo/Desktop/colab/sram/utils/signext.v C:/Users/Lenovo/Desktop/colab/sram/dec/controller.v C:/Users/Lenovo/Desktop/colab/sram/utils/mux3.v C:/Users/Lenovo/Desktop/colab/sram/defines2.vh C:/Users/Lenovo/Desktop/colab/sram/utils/mux2.v C:/Users/Lenovo/Desktop/colab/sram/dec/maindec.v C:/Users/Lenovo/Desktop/colab/sram/dec/aludec.v C:/Users/Lenovo/Desktop/colab/sram/regfile.v C:/Users/Lenovo/Desktop/colab/sram/utils/instdec.v C:/Users/Lenovo/Desktop/colab/sram/mips.v C:/Users/Lenovo/Desktop/colab/sram/exception/exceptdec.v C:/Users/Lenovo/Desktop/colab/sram/pc.v C:/Users/Lenovo/Desktop/colab/sram/hilo_reg.v C:/Users/Lenovo/Desktop/colab/sram/utils/flopr.v C:/Users/Lenovo/Desktop/colab/sram/datapath.v C:/Users/Lenovo/Desktop/colab/sram/exception/cp0_reg.v}
update_compile_order -fileset sources_1
export_ip_user_files -of_objects  [get_files C:/Users/Lenovo/Desktop/colab/CO-lab-material-CQU/vivado/lab4/rtl/myCPU/mycpu_top.v] -no_script -reset -force -quiet
remove_files  C:/Users/Lenovo/Desktop/colab/CO-lab-material-CQU/vivado/lab4/rtl/myCPU/mycpu_top.v
export_ip_user_files -of_objects  [get_files C:/Users/Lenovo/Desktop/colab/CO-lab-material-CQU/vivado/lab4/rtl/myCPU/utils/instdec.v] -no_script -reset -force -quiet
remove_files  C:/Users/Lenovo/Desktop/colab/CO-lab-material-CQU/vivado/lab4/rtl/myCPU/utils/instdec.v
export_ip_user_files -of_objects  [get_files C:/Users/Lenovo/Desktop/colab/sram/utils/flopenr.v] -no_script -reset -force -quiet
remove_files  C:/Users/Lenovo/Desktop/colab/sram/utils/flopenr.v
launch_simulation
Command: launch_simulation 
INFO: [Vivado 12-12493] Simulation top is 'tb_top'
WARNING: [Vivado 12-13340] Unable to auto find GCC executables from simulator install path! (path not set)
INFO: [Vivado 12-5698] Checking validity of IPs in the design for the 'XSim' simulator...
INFO: [Vivado 12-5682] Launching behavioral simulation in 'C:/Users/Lenovo/Desktop/colab/CO-lab-material-CQU/vivado/lab4/project_1/project_1.sim/sim_1/behav/xsim'
INFO: [Vivado 12-4795] Using compiled simulation libraries for IPs
INFO: [SIM-utils-51] Simulation object is 'sim_1'
INFO: [SIM-utils-72] Using boost library from 'G:/vivado/Vivado/2023.1/tps/boost_1_72_0'
INFO: [USF-XSim-7] Finding pre-compiled libraries...
INFO: [USF-XSim-11] File 'G:/vivado/Vivado/2023.1/data/xsim/xsim.ini' copied to run dir:'C:/Users/Lenovo/Desktop/colab/CO-lab-material-CQU/vivado/lab4/project_1/project_1.sim/sim_1/behav/xsim'
INFO: [SIM-utils-54] Inspecting design source files for 'tb_top' in fileset 'sim_1'...
INFO: [SIM-utils-43] Exported 'C:/Users/Lenovo/Desktop/colab/CO-lab-material-CQU/vivado/lab4/project_1/project_1.sim/sim_1/behav/xsim/data_ram.mif'
INFO: [SIM-utils-43] Exported 'C:/Users/Lenovo/Desktop/colab/CO-lab-material-CQU/vivado/lab4/project_1/project_1.sim/sim_1/behav/xsim/data_ram.coe'
INFO: [SIM-utils-43] Exported 'C:/Users/Lenovo/Desktop/colab/CO-lab-material-CQU/vivado/lab4/project_1/project_1.sim/sim_1/behav/xsim/inst_ram.mif'
INFO: [SIM-utils-43] Exported 'C:/Users/Lenovo/Desktop/colab/CO-lab-material-CQU/vivado/lab4/project_1/project_1.sim/sim_1/behav/xsim/inst_ram.coe'
INFO: [USF-XSim-97] Finding global include files...
INFO: [USF-XSim-98] Fetching design files from 'sim_1'...
INFO: [USF-XSim-2] XSim::Compile design
INFO: [USF-XSim-61] Executing 'COMPILE and ANALYZE' step in 'C:/Users/Lenovo/Desktop/colab/CO-lab-material-CQU/vivado/lab4/project_1/project_1.sim/sim_1/behav/xsim'
"xvlog --incr --relax -prj tb_top_vlog.prj"
ECHO 处于关闭状态。
ECHO 处于关闭状态。
INFO: [VRFC 10-2263] Analyzing Verilog file "C:/Users/Lenovo/Desktop/colab/CO-lab-material-CQU/vivado/lab4/rtl/xilinx_ip/data_ram/sim/data_ram.v" into library xil_defaultlib
INFO: [VRFC 10-311] analyzing module data_ram
INFO: [VRFC 10-2263] Analyzing Verilog file "C:/Users/Lenovo/Desktop/colab/CO-lab-material-CQU/vivado/lab4/rtl/xilinx_ip/inst_ram/sim/inst_ram.v" into library xil_defaultlib
INFO: [VRFC 10-311] analyzing module inst_ram
INFO: [VRFC 10-2263] Analyzing Verilog file "C:/Users/Lenovo/Desktop/colab/sram/utils/adder.v" into library xil_defaultlib
INFO: [VRFC 10-311] analyzing module adder
INFO: [VRFC 10-2263] Analyzing Verilog file "C:/Users/Lenovo/Desktop/colab/sram/alu.v" into library xil_defaultlib
INFO: [VRFC 10-311] analyzing module alu
INFO: [VRFC 10-2263] Analyzing Verilog file "C:/Users/Lenovo/Desktop/colab/sram/dec/aludec.v" into library xil_defaultlib
INFO: [VRFC 10-311] analyzing module aludec
INFO: [VRFC 10-2263] Analyzing Verilog file "C:/Users/Lenovo/Desktop/colab/sram/dec/controller.v" into library xil_defaultlib
INFO: [VRFC 10-311] analyzing module controller
INFO: [VRFC 10-2263] Analyzing Verilog file "C:/Users/Lenovo/Desktop/colab/sram/exception/cp0_reg.v" into library xil_defaultlib
INFO: [VRFC 10-311] analyzing module cp0_reg
INFO: [VRFC 10-2263] Analyzing Verilog file "C:/Users/Lenovo/Desktop/colab/sram/datapath.v" into library xil_defaultlib
INFO: [VRFC 10-311] analyzing module datapath
INFO: [VRFC 10-2263] Analyzing Verilog file "C:/Users/Lenovo/Desktop/colab/sram/utils/div.v" into library xil_defaultlib
INFO: [VRFC 10-311] analyzing module div
INFO: [VRFC 10-2263] Analyzing Verilog file "C:/Users/Lenovo/Desktop/colab/sram/utils/eqcmp.v" into library xil_defaultlib
INFO: [VRFC 10-311] analyzing module eqcmp
INFO: [VRFC 10-2263] Analyzing Verilog file "C:/Users/Lenovo/Desktop/colab/sram/exception/exceptdec.v" into library xil_defaultlib
INFO: [VRFC 10-311] analyzing module exceptdec
INFO: [VRFC 10-2263] Analyzing Verilog file "C:/Users/Lenovo/Desktop/colab/sram/utils/flopenrc.v" into library xil_defaultlib
INFO: [VRFC 10-311] analyzing module flopenrc
INFO: [VRFC 10-2263] Analyzing Verilog file "C:/Users/Lenovo/Desktop/colab/sram/utils/flopr.v" into library xil_defaultlib
INFO: [VRFC 10-311] analyzing module flopr
INFO: [VRFC 10-2263] Analyzing Verilog file "C:/Users/Lenovo/Desktop/colab/sram/utils/floprc.v" into library xil_defaultlib
INFO: [VRFC 10-311] analyzing module floprc
INFO: [VRFC 10-2263] Analyzing Verilog file "C:/Users/Lenovo/Desktop/colab/sram/hazard.v" into library xil_defaultlib
INFO: [VRFC 10-311] analyzing module hazard
INFO: [VRFC 10-2263] Analyzing Verilog file "C:/Users/Lenovo/Desktop/colab/sram/hilo_reg.v" into library xil_defaultlib
INFO: [VRFC 10-311] analyzing module hilo_reg
INFO: [VRFC 10-2263] Analyzing Verilog file "C:/Users/Lenovo/Desktop/colab/sram/utils/instdec.v" into library xil_defaultlib
INFO: [VRFC 10-311] analyzing module instdec
INFO: [VRFC 10-2263] Analyzing Verilog file "C:/Users/Lenovo/Desktop/colab/sram/dec/maindec.v" into library xil_defaultlib
INFO: [VRFC 10-311] analyzing module maindec
INFO: [VRFC 10-2263] Analyzing Verilog file "C:/Users/Lenovo/Desktop/colab/sram/mem_ctrl.v" into library xil_defaultlib
INFO: [VRFC 10-311] analyzing module mem_ctrl
INFO: [VRFC 10-2263] Analyzing Verilog file "C:/Users/Lenovo/Desktop/colab/sram/mips.v" into library xil_defaultlib
INFO: [VRFC 10-311] analyzing module mips
INFO: [VRFC 10-2263] Analyzing Verilog file "C:/Users/Lenovo/Desktop/colab/sram/mmu.v" into library xil_defaultlib
INFO: [VRFC 10-311] analyzing module mmu
INFO: [VRFC 10-2263] Analyzing Verilog file "C:/Users/Lenovo/Desktop/colab/sram/utils/mux2.v" into library xil_defaultlib
INFO: [VRFC 10-311] analyzing module mux2
INFO: [VRFC 10-2263] Analyzing Verilog file "C:/Users/Lenovo/Desktop/colab/sram/utils/mux3.v" into library xil_defaultlib
INFO: [VRFC 10-311] analyzing module mux3
INFO: [VRFC 10-2263] Analyzing Verilog file "C:/Users/Lenovo/Desktop/colab/sram/mycpu_top.v" into library xil_defaultlib
INFO: [VRFC 10-311] analyzing module mycpu_top
INFO: [VRFC 10-2263] Analyzing Verilog file "C:/Users/Lenovo/Desktop/colab/sram/pc.v" into library xil_defaultlib
INFO: [VRFC 10-311] analyzing module pc
INFO: [VRFC 10-2263] Analyzing Verilog file "C:/Users/Lenovo/Desktop/colab/sram/regfile.v" into library xil_defaultlib
INFO: [VRFC 10-311] analyzing module regfile
INFO: [VRFC 10-2263] Analyzing Verilog file "C:/Users/Lenovo/Desktop/colab/sram/utils/signext.v" into library xil_defaultlib
INFO: [VRFC 10-311] analyzing module signext
INFO: [VRFC 10-2263] Analyzing Verilog file "C:/Users/Lenovo/Desktop/colab/sram/utils/sl2.v" into library xil_defaultlib
INFO: [VRFC 10-311] analyzing module sl2
INFO: [VRFC 10-2263] Analyzing Verilog file "C:/Users/Lenovo/Desktop/colab/CO-lab-material-CQU/vivado/lab4/rtl/top.v" into library xil_defaultlib
INFO: [VRFC 10-311] analyzing module top
INFO: [VRFC 10-2263] Analyzing Verilog file "C:/Users/Lenovo/Desktop/colab/CO-lab-material-CQU/vivado/lab4/sim/mycpu_tb.v" into library xil_defaultlib
INFO: [VRFC 10-311] analyzing module tb_top
INFO: [USF-XSim-69] 'compile' step finished in '3' seconds
INFO: [USF-XSim-3] XSim::Elaborate design
INFO: [USF-XSim-61] Executing 'ELABORATE' step in 'C:/Users/Lenovo/Desktop/colab/CO-lab-material-CQU/vivado/lab4/project_1/project_1.sim/sim_1/behav/xsim'
"xelab --incr --debug typical --relax --mt 2 -L xil_defaultlib -L blk_mem_gen_v8_4_6 -L unisims_ver -L unimacro_ver -L secureip -L xpm --snapshot tb_top_behav xil_defaultlib.tb_top xil_defaultlib.glbl -log elaborate.log"
ECHO 处于关闭状态。
ECHO 处于关闭状态。
Vivado Simulator v2023.1
Copyright 1986-2022 Xilinx, Inc. All Rights Reserved.
Copyright 2022-2023 Advanced Micro Devices, Inc. All Rights Reserved.
Running: G:/vivado/Vivado/2023.1/bin/unwrapped/win64.o/xelab.exe --incr --debug typical --relax --mt 2 -L xil_defaultlib -L blk_mem_gen_v8_4_6 -L unisims_ver -L unimacro_ver -L secureip -L xpm --snapshot tb_top_behav xil_defaultlib.tb_top xil_defaultlib.glbl -log elaborate.log 
Using 2 slave threads.
Starting static elaboration
Pass Through NonSizing Optimizer
WARNING: [VRFC 10-5021] port 'ext_int' is not connected on this instance [C:/Users/Lenovo/Desktop/colab/CO-lab-material-CQU/vivado/lab4/rtl/top.v:45]
WARNING: [VRFC 10-5021] port 'rsta' is not connected on this instance [C:/Users/Lenovo/Desktop/colab/CO-lab-material-CQU/vivado/lab4/rtl/top.v:63]
WARNING: [VRFC 10-5021] port 'rsta' is not connected on this instance [C:/Users/Lenovo/Desktop/colab/CO-lab-material-CQU/vivado/lab4/rtl/top.v:74]
Completed static elaboration
Starting simulation data flow analysis
Completed simulation data flow analysis
Time Resolution for simulation is 1ps
Compiling module xil_defaultlib.flopr(WIDTH=32)
Compiling module xil_defaultlib.flopenrc(WIDTH=15)
Compiling module xil_defaultlib.floprc(WIDTH=5)
Compiling module xil_defaultlib.floprc(WIDTH=2)
Compiling module xil_defaultlib.hazard
Compiling module xil_defaultlib.mux2(WIDTH=32)
Compiling module xil_defaultlib.regfile
Compiling module xil_defaultlib.pc(WIDTH=32)
Compiling module xil_defaultlib.adder
Compiling module xil_defaultlib.flopenrc(WIDTH=32)
Compiling module xil_defaultlib.flopenrc(WIDTH=1)
Compiling module xil_defaultlib.signext
Compiling module xil_defaultlib.sl2
Compiling module xil_defaultlib.eqcmp
Compiling module xil_defaultlib.flopenrc(WIDTH=5)
Compiling module xil_defaultlib.flopenrc(WIDTH=6)
Compiling module xil_defaultlib.flopenrc(WIDTH=4)
Compiling module xil_defaultlib.mux3(WIDTH=32)
Compiling module xil_defaultlib.div
Compiling module xil_defaultlib.alu
Compiling module xil_defaultlib.hilo_reg
Compiling module xil_defaultlib.mux3(WIDTH=5)
Compiling module xil_defaultlib.floprc(WIDTH=32)
Compiling module xil_defaultlib.floprc(WIDTH=6)
Compiling module xil_defaultlib.floprc(WIDTH=1)
Compiling module xil_defaultlib.mem_ctrl
Compiling module xil_defaultlib.exceptdec
Compiling module xil_defaultlib.cp0_reg
Compiling module xil_defaultlib.datapath
Compiling module xil_defaultlib.maindec
Compiling module xil_defaultlib.aludec
Compiling module xil_defaultlib.controller
Compiling module xil_defaultlib.mips
Compiling module xil_defaultlib.mmu
Compiling module xil_defaultlib.instdec
Compiling module xil_defaultlib.mycpu_top
Compiling module blk_mem_gen_v8_4_6.blk_mem_gen_v8_4_6_output_stage(...
Compiling module blk_mem_gen_v8_4_6.blk_mem_gen_v8_4_6_output_stage(...
Compiling module blk_mem_gen_v8_4_6.blk_mem_gen_v8_4_6_softecc_outpu...
Compiling module blk_mem_gen_v8_4_6.blk_mem_gen_v8_4_6_mem_module(C_...
Compiling module blk_mem_gen_v8_4_6.blk_mem_gen_v8_4_6(C_FAMILY="art...
Compiling module xil_defaultlib.inst_ram
Compiling module blk_mem_gen_v8_4_6.blk_mem_gen_v8_4_6_mem_module(C_...
Compiling module blk_mem_gen_v8_4_6.blk_mem_gen_v8_4_6(C_FAMILY="art...
Compiling module xil_defaultlib.data_ram
Compiling module xil_defaultlib.top
Compiling module xil_defaultlib.tb_top
Compiling module xil_defaultlib.glbl
Built simulation snapshot tb_top_behav
run_program: Time (s): cpu = 00:00:01 ; elapsed = 00:00:10 . Memory (MB): peak = 1608.793 ; gain = 0.000
INFO: [USF-XSim-69] 'elaborate' step finished in '10' seconds
INFO: [USF-XSim-4] XSim::Simulate design
INFO: [USF-XSim-61] Executing 'SIMULATE' step in 'C:/Users/Lenovo/Desktop/colab/CO-lab-material-CQU/vivado/lab4/project_1/project_1.sim/sim_1/behav/xsim'
INFO: [USF-XSim-98] *** Running xsim
   with args "tb_top_behav -key {Behavioral:sim_1:Functional:tb_top} -tclbatch {tb_top.tcl} -view {C:/Users/Lenovo/Desktop/colab/CO-lab-material-CQU/vivado/lab4/tb_top_behav.wcfg} -log {simulate.log}"
INFO: [USF-XSim-8] Loading simulator feature
Time resolution is 1 ps
open_wave_config C:/Users/Lenovo/Desktop/colab/CO-lab-material-CQU/vivado/lab4/tb_top_behav.wcfg
source tb_top.tcl
# set curr_wave [current_wave_config]
# if { [string length $curr_wave] == 0 } {
#   if { [llength [get_objects]] > 0} {
#     add_wave /
#     set_property needs_save false [current_wave_config]
#   } else {
#      send_msg_id Add_Wave-1 WARNING "No top level signals found. Simulator will start without a wave window. If you want to open a wave window go to 'File->New Waveform Configuration' or type 'create_wave_config' in the TCL console."
#   }
# }
# run 1000ns
 Block Memory Generator module loading initial data...
 Block Memory Generator data initialization complete.
Block Memory Generator module tb_top.soc.inst_ram.inst.\native_mem_mapped_module.blk_mem_gen_v8_4_6_inst  is using a behavioral model for simulation which will not precisely model memory collision behavior.
 Block Memory Generator module loading initial data...
 Block Memory Generator data initialization complete.
Block Memory Generator module tb_top.soc.data_ram.inst.\native_mem_mapped_module.blk_mem_gen_v8_4_6_inst  is using a behavioral model for simulation which will not precisely model memory collision behavior.
INFO: [USF-XSim-96] XSim completed. Design snapshot 'tb_top_behav' loaded.
INFO: [USF-XSim-97] XSim simulation ran for 1000ns
launch_simulation: Time (s): cpu = 00:00:02 ; elapsed = 00:00:17 . Memory (MB): peak = 1651.727 ; gain = 42.934
close_sim
INFO: [Simtcl 6-16] Simulation closed
close_project
exit
INFO: [Common 17-206] Exiting Vivado at Thu Dec 26 10:15:36 2024...
