Vivado Simulator v2023.1
Copyright 1986-2022 Xilinx, Inc. All Rights Reserved.
Copyright 2022-2023 Advanced Micro Devices, Inc. All Rights Reserved.
Running: G:/vivado/Vivado/2023.1/bin/unwrapped/win64.o/xelab.exe --incr --debug typical --relax --mt 2 -L xil_defaultlib -L blk_mem_gen_v8_4_6 -L unisims_ver -L unimacro_ver -L secureip -L xpm --snapshot tb_top_behav xil_defaultlib.tb_top xil_defaultlib.glbl -log elaborate.log 
Using 2 slave threads.
Starting static elaboration
Pass Through NonSizing Optimizer
WARNING: [VRFC 10-5021] port 'ext_int' is not connected on this instance [C:/Users/Lenovo/Desktop/colab/CO-lab-material-CQU/vivado/lab4/rtl/top.v:45]
WARNING: [VRFC 10-5021] port 'rsta' is not connected on this instance [C:/Users/Lenovo/Desktop/colab/CO-lab-material-CQU/vivado/lab4/rtl/top.v:63]
WARNING: [VRFC 10-5021] port 'rsta' is not connected on this instance [C:/Users/Lenovo/Desktop/colab/CO-lab-material-CQU/vivado/lab4/rtl/top.v:74]
Completed static elaboration
Starting simulation data flow analysis
Completed simulation data flow analysis
Time Resolution for simulation is 1ps
Compiling module xil_defaultlib.flopr(WIDTH=32)
Compiling module xil_defaultlib.flopenrc(WIDTH=15)
Compiling module xil_defaultlib.floprc(WIDTH=5)
Compiling module xil_defaultlib.floprc(WIDTH=2)
Compiling module xil_defaultlib.hazard
Compiling module xil_defaultlib.mux2(WIDTH=32)
Compiling module xil_defaultlib.regfile
Compiling module xil_defaultlib.pc(WIDTH=32)
Compiling module xil_defaultlib.adder
Compiling module xil_defaultlib.flopenrc(WIDTH=32)
Compiling module xil_defaultlib.flopenrc(WIDTH=1)
Compiling module xil_defaultlib.signext
Compiling module xil_defaultlib.sl2
Compiling module xil_defaultlib.eqcmp
Compiling module xil_defaultlib.flopenrc(WIDTH=5)
Compiling module xil_defaultlib.flopenrc(WIDTH=6)
Compiling module xil_defaultlib.flopenrc(WIDTH=4)
Compiling module xil_defaultlib.mux3(WIDTH=32)
Compiling module xil_defaultlib.div
Compiling module xil_defaultlib.alu
Compiling module xil_defaultlib.hilo_reg
Compiling module xil_defaultlib.mux3(WIDTH=5)
Compiling module xil_defaultlib.floprc(WIDTH=32)
Compiling module xil_defaultlib.floprc(WIDTH=6)
Compiling module xil_defaultlib.floprc(WIDTH=1)
Compiling module xil_defaultlib.mem_ctrl
Compiling module xil_defaultlib.exceptdec
Compiling module xil_defaultlib.cp0_reg
Compiling module xil_defaultlib.datapath
Compiling module xil_defaultlib.maindec
Compiling module xil_defaultlib.aludec
Compiling module xil_defaultlib.controller
Compiling module xil_defaultlib.mips
Compiling module xil_defaultlib.mmu
Compiling module xil_defaultlib.instdec
Compiling module xil_defaultlib.mycpu_top
Compiling module blk_mem_gen_v8_4_6.blk_mem_gen_v8_4_6_output_stage(...
Compiling module blk_mem_gen_v8_4_6.blk_mem_gen_v8_4_6_output_stage(...
Compiling module blk_mem_gen_v8_4_6.blk_mem_gen_v8_4_6_softecc_outpu...
Compiling module blk_mem_gen_v8_4_6.blk_mem_gen_v8_4_6_mem_module(C_...
Compiling module blk_mem_gen_v8_4_6.blk_mem_gen_v8_4_6(C_FAMILY="art...
Compiling module xil_defaultlib.inst_ram
Compiling module blk_mem_gen_v8_4_6.blk_mem_gen_v8_4_6_mem_module(C_...
Compiling module blk_mem_gen_v8_4_6.blk_mem_gen_v8_4_6(C_FAMILY="art...
Compiling module xil_defaultlib.data_ram
Compiling module xil_defaultlib.top
Compiling module xil_defaultlib.tb_top
Compiling module xil_defaultlib.glbl
Built simulation snapshot tb_top_behav
